# JRE version: OpenJDK Runtime Environment (17.0.1+12) (build 17.0.1+12-39)
# Java VM: OpenJDK 64-Bit Server VM (17.0.1+12-39, mixed mode, sharing, tiered, compressed oops, compressed class ptrs, g1 gc, windows-amd64)
GC Precious Log:
 CPUs: 4 total, 4 available
 Memory: 16303M
 Large Page Support: Disabled
 NUMA Support: Disabled
 Compressed Oops: Enabled (Zero based)
 Heap Region Size: 2M
 Heap Min Capacity: 8M
 Heap Initial Capacity: 256M
 Heap Max Capacity: 4076M
 Pre-touch: Disabled
 Parallel Workers: 4
 Concurrent Workers: 1
 Concurrent Refinement Workers: 4
 Periodic GC: Disabled
Heap:
 garbage-first heap   total 370688K, used 296559K [0x0000000701400000, 0x0000000800000000)
  region size 2048K, 94 young (192512K), 1 survivors (2048K)
 Metaspace       used 14380K, committed 14592K, reserved 1064960K
  class space    used 1662K, committed 1728K, reserved 1048576K
GC Heap History (20 events):
Event: 36.179 GC heap before
{Heap before GC invocations=33 (full 0):
 garbage-first heap   total 370688K, used 326379K [0x0000000701400000, 0x0000000800000000)
  region size 2048K, 108 young (221184K), 1 survivors (2048K)
 Metaspace       used 14301K, committed 14464K, reserved 1064960K
  class space    used 1661K, committed 1728K, reserved 1048576K
}
Event: 36.181 GC heap after
{Heap after GC invocations=34 (full 0):
 garbage-first heap   total 370688K, used 107215K [0x0000000701400000, 0x0000000800000000)
  region size 2048K, 1 young (2048K), 1 survivors (2048K)
 Metaspace       used 14301K, committed 14464K, reserved 1064960K
  class space    used 1661K, committed 1728K, reserved 1048576K
}
Event: 37.714 GC heap before
{Heap before GC invocations=34 (full 0):
 garbage-first heap   total 370688K, used 326351K [0x0000000701400000, 0x0000000800000000)
  region size 2048K, 108 young (221184K), 1 survivors (2048K)
 Metaspace       used 14305K, committed 14464K, reserved 1064960K
  class space    used 1661K, committed 1728K, reserved 1048576K
}
Event: 37.715 GC heap after
{Heap after GC invocations=35 (full 0):
 garbage-first heap   total 370688K, used 107326K [0x0000000701400000, 0x0000000800000000)
  region size 2048K, 1 young (2048K), 1 survivors (2048K)
 Metaspace       used 14305K, committed 14464K, reserved 1064960K
  class space    used 1661K, committed 1728K, reserved 1048576K
}
Event: 39.121 GC heap before
{Heap before GC invocations=35 (full 0):
 garbage-first heap   total 370688K, used 326462K [0x0000000701400000, 0x0000000800000000)
  region size 2048K, 108 young (221184K), 1 survivors (2048K)
 Metaspace       used 14338K, committed 14528K, reserved 1064960K
  class space    used 1661K, committed 1728K, reserved 1048576K
}
Event: 39.122 GC heap after
{Heap after GC invocations=36 (full 0):
 garbage-first heap   total 370688K, used 107495K [0x0000000701400000, 0x0000000800000000)
  region size 2048K, 1 young (2048K), 1 survivors (2048K)
 Metaspace       used 14338K, committed 14528K, reserved 1064960K
  class space    used 1661K, committed 1728K, reserved 1048576K
}
Event: 40.784 GC heap before
{Heap before GC invocations=36 (full 0):
 garbage-first heap   total 370688K, used 326631K [0x0000000701400000, 0x0000000800000000)
  region size 2048K, 108 young (221184K), 1 survivors (2048K)
 Metaspace       used 14358K, committed 14528K, reserved 1064960K
  class space    used 1661K, committed 1728K, reserved 1048576K
}
Event: 40.786 GC heap after
{Heap after GC invocations=37 (full 0):
 garbage-first heap   total 370688K, used 107519K [0x0000000701400000, 0x0000000800000000)
  region size 2048K, 1 young (2048K), 1 survivors (2048K)
 Metaspace       used 14358K, committed 14528K, reserved 1064960K
  class space    used 1661K, committed 1728K, reserved 1048576K
}
Event: 42.875 GC heap before
{Heap before GC invocations=37 (full 0):
 garbage-first heap   total 370688K, used 326655K [0x0000000701400000, 0x0000000800000000)
  region size 2048K, 108 young (221184K), 1 survivors (2048K)
 Metaspace       used 14358K, committed 14528K, reserved 1064960K
  class space    used 1661K, committed 1728K, reserved 1048576K
}
Event: 42.877 GC heap after
{Heap after GC invocations=38 (full 0):
 garbage-first heap   total 370688K, used 107576K [0x0000000701400000, 0x0000000800000000)
  region size 2048K, 1 young (2048K), 1 survivors (2048K)
 Metaspace       used 14358K, committed 14528K, reserved 1064960K
  class space    used 1661K, committed 1728K, reserved 1048576K
}
Event: 44.146 GC heap before
{Heap before GC invocations=38 (full 0):
 garbage-first heap   total 370688K, used 326712K [0x0000000701400000, 0x0000000800000000)
  region size 2048K, 108 young (221184K), 1 survivors (2048K)
 Metaspace       used 14359K, committed 14528K, reserved 1064960K
  class space    used 1661K, committed 1728K, reserved 1048576K
}
Event: 44.148 GC heap after
{Heap after GC invocations=39 (full 0):
 garbage-first heap   total 370688K, used 107560K [0x0000000701400000, 0x0000000800000000)
  region size 2048K, 1 young (2048K), 1 survivors (2048K)
 Metaspace       used 14359K, committed 14528K, reserved 1064960K
  class space    used 1661K, committed 1728K, reserved 1048576K
}
Event: 45.963 GC heap before
{Heap before GC invocations=39 (full 0):
 garbage-first heap   total 370688K, used 326696K [0x0000000701400000, 0x0000000800000000)
  region size 2048K, 108 young (221184K), 1 survivors (2048K)
 Metaspace       used 14361K, committed 14528K, reserved 1064960K
  class space    used 1661K, committed 1728K, reserved 1048576K
}
Event: 45.965 GC heap after
{Heap after GC invocations=40 (full 0):
 garbage-first heap   total 370688K, used 107695K [0x0000000701400000, 0x0000000800000000)
  region size 2048K, 1 young (2048K), 1 survivors (2048K)
 Metaspace       used 14361K, committed 14528K, reserved 1064960K
  class space    used 1661K, committed 1728K, reserved 1048576K
}
Event: 47.215 GC heap before
{Heap before GC invocations=40 (full 0):
 garbage-first heap   total 370688K, used 326831K [0x0000000701400000, 0x0000000800000000)
  region size 2048K, 108 young (221184K), 1 survivors (2048K)
 Metaspace       used 14363K, committed 14528K, reserved 1064960K
  class space    used 1661K, committed 1728K, reserved 1048576K
}
Event: 47.217 GC heap after
{Heap after GC invocations=41 (full 0):
 garbage-first heap   total 370688K, used 107807K [0x0000000701400000, 0x0000000800000000)
  region size 2048K, 1 young (2048K), 1 survivors (2048K)
 Metaspace       used 14363K, committed 14528K, reserved 1064960K
  class space    used 1661K, committed 1728K, reserved 1048576K
}
Event: 49.279 GC heap before
{Heap before GC invocations=41 (full 0):
 garbage-first heap   total 370688K, used 326943K [0x0000000701400000, 0x0000000800000000)
  region size 2048K, 108 young (221184K), 1 survivors (2048K)
 Metaspace       used 14369K, committed 14528K, reserved 1064960K
  class space    used 1661K, committed 1728K, reserved 1048576K
}
Event: 49.281 GC heap after
{Heap after GC invocations=42 (full 0):
 garbage-first heap   total 370688K, used 108097K [0x0000000701400000, 0x0000000800000000)
  region size 2048K, 1 young (2048K), 1 survivors (2048K)
 Metaspace       used 14369K, committed 14528K, reserved 1064960K
  class space    used 1661K, committed 1728K, reserved 1048576K
}
Event: 51.096 GC heap before
{Heap before GC invocations=42 (full 0):
 garbage-first heap   total 370688K, used 327233K [0x0000000701400000, 0x0000000800000000)
  region size 2048K, 108 young (221184K), 1 survivors (2048K)
 Metaspace       used 14370K, committed 14528K, reserved 1064960K
  class space    used 1661K, committed 1728K, reserved 1048576K
}
Event: 51.097 GC heap after
{Heap after GC invocations=43 (full 0):
 garbage-first heap   total 370688K, used 108143K [0x0000000701400000, 0x0000000800000000)
  region size 2048K, 1 young (2048K), 1 survivors (2048K)
 Metaspace       used 14370K, committed 14528K, reserved 1064960K
  class space    used 1661K, committed 1728K, reserved 1048576K
}

